{"/home/ubuntu/japan-statistics-analyzer/src/main.js": {"path":"/home/ubuntu/japan-statistics-analyzer/src/main.js","statementMap":{"0":{"start":{"line":15,"column":4},"end":{"line":15,"column":30}},"1":{"start":{"line":17,"column":18},"end":{"line":17,"column":40}},"2":{"start":{"line":18,"column":4},"end":{"line":18,"column":44}},"3":{"start":{"line":21,"column":27},"end":{"line":21,"column":53}},"4":{"start":{"line":22,"column":4},"end":{"line":22,"column":51}},"5":{"start":{"line":25,"column":23},"end":{"line":25,"column":87}},"6":{"start":{"line":27,"column":4},"end":{"line":34,"column":5}},"7":{"start":{"line":29,"column":8},"end":{"line":29,"column":36}},"8":{"start":{"line":30,"column":8},"end":{"line":30,"column":73}},"9":{"start":{"line":31,"column":8},"end":{"line":31,"column":42}},"10":{"start":{"line":32,"column":8},"end":{"line":32,"column":54}},"11":{"start":{"line":33,"column":8},"end":{"line":33,"column":15}},"12":{"start":{"line":36,"column":4},"end":{"line":178,"column":5}},"13":{"start":{"line":38,"column":26},"end":{"line":38,"column":58}},"14":{"start":{"line":39,"column":8},"end":{"line":39,"column":49}},"15":{"start":{"line":42,"column":29},"end":{"line":42,"column":62}},"16":{"start":{"line":43,"column":8},"end":{"line":43,"column":61}},"17":{"start":{"line":46,"column":8},"end":{"line":46,"column":86}},"18":{"start":{"line":47,"column":8},"end":{"line":47,"column":59}},"19":{"start":{"line":48,"column":26},"end":{"line":48,"column":69}},"20":{"start":{"line":49,"column":8},"end":{"line":49,"column":96}},"21":{"start":{"line":50,"column":8},"end":{"line":50,"column":68}},"22":{"start":{"line":52,"column":8},"end":{"line":61,"column":9}},"23":{"start":{"line":53,"column":12},"end":{"line":53,"column":78}},"24":{"start":{"line":54,"column":12},"end":{"line":58,"column":15}},"25":{"start":{"line":59,"column":12},"end":{"line":59,"column":76}},"26":{"start":{"line":60,"column":12},"end":{"line":60,"column":19}},"27":{"start":{"line":64,"column":32},"end":{"line":64,"column":75}},"28":{"start":{"line":65,"column":8},"end":{"line":65,"column":67}},"29":{"start":{"line":67,"column":30},"end":{"line":67,"column":31}},"30":{"start":{"line":68,"column":30},"end":{"line":68,"column":31}},"31":{"start":{"line":70,"column":8},"end":{"line":139,"column":9}},"32":{"start":{"line":71,"column":12},"end":{"line":138,"column":13}},"33":{"start":{"line":72,"column":16},"end":{"line":72,"column":34}},"34":{"start":{"line":73,"column":16},"end":{"line":73,"column":100}},"35":{"start":{"line":74,"column":16},"end":{"line":77,"column":19}},"36":{"start":{"line":80,"column":31},"end":{"line":80,"column":35}},"37":{"start":{"line":81,"column":16},"end":{"line":91,"column":17}},"38":{"start":{"line":82,"column":20},"end":{"line":90,"column":21}},"39":{"start":{"line":83,"column":24},"end":{"line":83,"column":102}},"40":{"start":{"line":84,"column":24},"end":{"line":84,"column":78}},"41":{"start":{"line":85,"column":24},"end":{"line":85,"column":103}},"42":{"start":{"line":86,"column":24},"end":{"line":86,"column":58}},"43":{"start":{"line":88,"column":24},"end":{"line":88,"column":125}},"44":{"start":{"line":89,"column":24},"end":{"line":89,"column":106}},"45":{"start":{"line":94,"column":16},"end":{"line":94,"column":95}},"46":{"start":{"line":95,"column":34},"end":{"line":95,"column":77}},"47":{"start":{"line":96,"column":16},"end":{"line":96,"column":96}},"48":{"start":{"line":97,"column":16},"end":{"line":97,"column":58}},"49":{"start":{"line":100,"column":16},"end":{"line":109,"column":17}},"50":{"start":{"line":101,"column":20},"end":{"line":108,"column":23}},"51":{"start":{"line":111,"column":16},"end":{"line":118,"column":17}},"52":{"start":{"line":112,"column":43},"end":{"line":112,"column":102}},"53":{"start":{"line":113,"column":20},"end":{"line":116,"column":21}},"54":{"start":{"line":114,"column":24},"end":{"line":114,"column":56}},"55":{"start":{"line":115,"column":24},"end":{"line":115,"column":42}},"56":{"start":{"line":117,"column":20},"end":{"line":117,"column":93}},"57":{"start":{"line":120,"column":16},"end":{"line":120,"column":83}},"58":{"start":{"line":122,"column":16},"end":{"line":122,"column":65}},"59":{"start":{"line":125,"column":16},"end":{"line":125,"column":106}},"60":{"start":{"line":126,"column":16},"end":{"line":129,"column":19}},"61":{"start":{"line":131,"column":16},"end":{"line":137,"column":19}},"62":{"start":{"line":142,"column":8},"end":{"line":146,"column":11}},"63":{"start":{"line":148,"column":8},"end":{"line":154,"column":11}},"64":{"start":{"line":155,"column":8},"end":{"line":155,"column":123}},"65":{"start":{"line":158,"column":8},"end":{"line":158,"column":62}},"66":{"start":{"line":159,"column":8},"end":{"line":159,"column":95}},"67":{"start":{"line":161,"column":8},"end":{"line":166,"column":9}},"68":{"start":{"line":162,"column":12},"end":{"line":162,"column":86}},"69":{"start":{"line":163,"column":12},"end":{"line":163,"column":46}},"70":{"start":{"line":164,"column":12},"end":{"line":164,"column":78}},"71":{"start":{"line":165,"column":12},"end":{"line":165,"column":19}},"72":{"start":{"line":168,"column":8},"end":{"line":174,"column":11}},"73":{"start":{"line":176,"column":8},"end":{"line":176,"column":42}},"74":{"start":{"line":177,"column":8},"end":{"line":177,"column":80}},"75":{"start":{"line":182,"column":19},"end":{"line":182,"column":21}},"76":{"start":{"line":183,"column":4},"end":{"line":183,"column":69}},"77":{"start":{"line":183,"column":29},"end":{"line":183,"column":69}},"78":{"start":{"line":184,"column":4},"end":{"line":184,"column":66}},"79":{"start":{"line":184,"column":27},"end":{"line":184,"column":66}},"80":{"start":{"line":185,"column":4},"end":{"line":185,"column":63}},"81":{"start":{"line":185,"column":26},"end":{"line":185,"column":63}},"82":{"start":{"line":186,"column":4},"end":{"line":186,"column":53}},"83":{"start":{"line":187,"column":4},"end":{"line":187,"column":18}},"84":{"start":{"line":191,"column":4},"end":{"line":191,"column":81}},"85":{"start":{"line":192,"column":21},"end":{"line":221,"column":5}},"86":{"start":{"line":223,"column":23},"end":{"line":223,"column":31}},"87":{"start":{"line":224,"column":4},"end":{"line":231,"column":5}},"88":{"start":{"line":225,"column":24},"end":{"line":225,"column":57}},"89":{"start":{"line":226,"column":8},"end":{"line":230,"column":10}},"90":{"start":{"line":227,"column":12},"end":{"line":229,"column":57}},"91":{"start":{"line":232,"column":4},"end":{"line":232,"column":57}},"92":{"start":{"line":234,"column":4},"end":{"line":236,"column":5}},"93":{"start":{"line":235,"column":8},"end":{"line":235,"column":40}},"94":{"start":{"line":238,"column":4},"end":{"line":245,"column":7}},"95":{"start":{"line":247,"column":4},"end":{"line":247,"column":112}},"96":{"start":{"line":250,"column":0},"end":{"line":252,"column":1}},"97":{"start":{"line":251,"column":4},"end":{"line":251,"column":26}}},"fnMap":{"0":{"name":"mainLogic","decl":{"start":{"line":14,"column":22},"end":{"line":14,"column":31}},"loc":{"start":{"line":14,"column":34},"end":{"line":179,"column":1}},"line":14},"1":{"name":"buildSearchParams","decl":{"start":{"line":181,"column":9},"end":{"line":181,"column":26}},"loc":{"start":{"line":181,"column":34},"end":{"line":188,"column":1}},"line":181},"2":{"name":"runDemoMode","decl":{"start":{"line":190,"column":15},"end":{"line":190,"column":26}},"loc":{"start":{"line":190,"column":34},"end":{"line":248,"column":1}},"line":190},"3":{"name":"(anonymous_3)","decl":{"start":{"line":226,"column":43},"end":{"line":226,"column":44}},"loc":{"start":{"line":227,"column":12},"end":{"line":229,"column":57}},"line":227}},"branchMap":{"0":{"loc":{"start":{"line":21,"column":41},"end":{"line":21,"column":52}},"type":"binary-expr","locations":[{"start":{"line":21,"column":41},"end":{"line":21,"column":46}},{"start":{"line":21,"column":50},"end":{"line":21,"column":52}}],"line":21},"1":{"loc":{"start":{"line":25,"column":23},"end":{"line":25,"column":87}},"type":"binary-expr","locations":[{"start":{"line":25,"column":23},"end":{"line":25,"column":47}},{"start":{"line":25,"column":51},"end":{"line":25,"column":87}}],"line":25},"2":{"loc":{"start":{"line":27,"column":4},"end":{"line":34,"column":5}},"type":"if","locations":[{"start":{"line":27,"column":4},"end":{"line":34,"column":5}},{"start":{},"end":{}}],"line":27},"3":{"loc":{"start":{"line":52,"column":8},"end":{"line":61,"column":9}},"type":"if","locations":[{"start":{"line":52,"column":8},"end":{"line":61,"column":9}},{"start":{},"end":{}}],"line":52},"4":{"loc":{"start":{"line":81,"column":16},"end":{"line":91,"column":17}},"type":"if","locations":[{"start":{"line":81,"column":16},"end":{"line":91,"column":17}},{"start":{},"end":{}}],"line":81},"5":{"loc":{"start":{"line":100,"column":16},"end":{"line":109,"column":17}},"type":"if","locations":[{"start":{"line":100,"column":16},"end":{"line":109,"column":17}},{"start":{},"end":{}}],"line":100},"6":{"loc":{"start":{"line":100,"column":20},"end":{"line":100,"column":99}},"type":"binary-expr","locations":[{"start":{"line":100,"column":20},"end":{"line":100,"column":57}},{"start":{"line":100,"column":61},"end":{"line":100,"column":99}}],"line":100},"7":{"loc":{"start":{"line":111,"column":16},"end":{"line":118,"column":17}},"type":"if","locations":[{"start":{"line":111,"column":16},"end":{"line":118,"column":17}},{"start":{},"end":{}}],"line":111},"8":{"loc":{"start":{"line":111,"column":20},"end":{"line":111,"column":106}},"type":"binary-expr","locations":[{"start":{"line":111,"column":20},"end":{"line":111,"column":64}},{"start":{"line":111,"column":68},"end":{"line":111,"column":106}}],"line":111},"9":{"loc":{"start":{"line":161,"column":8},"end":{"line":166,"column":9}},"type":"if","locations":[{"start":{"line":161,"column":8},"end":{"line":166,"column":9}},{"start":{},"end":{}}],"line":161},"10":{"loc":{"start":{"line":161,"column":12},"end":{"line":161,"column":107}},"type":"binary-expr","locations":[{"start":{"line":161,"column":12},"end":{"line":161,"column":41}},{"start":{"line":161,"column":45},"end":{"line":161,"column":74}},{"start":{"line":161,"column":78},"end":{"line":161,"column":107}}],"line":161},"11":{"loc":{"start":{"line":183,"column":4},"end":{"line":183,"column":69}},"type":"if","locations":[{"start":{"line":183,"column":4},"end":{"line":183,"column":69}},{"start":{},"end":{}}],"line":183},"12":{"loc":{"start":{"line":184,"column":4},"end":{"line":184,"column":66}},"type":"if","locations":[{"start":{"line":184,"column":4},"end":{"line":184,"column":66}},{"start":{},"end":{}}],"line":184},"13":{"loc":{"start":{"line":185,"column":4},"end":{"line":185,"column":63}},"type":"if","locations":[{"start":{"line":185,"column":4},"end":{"line":185,"column":63}},{"start":{},"end":{}}],"line":185},"14":{"loc":{"start":{"line":224,"column":4},"end":{"line":231,"column":5}},"type":"if","locations":[{"start":{"line":224,"column":4},"end":{"line":231,"column":5}},{"start":{},"end":{}}],"line":224},"15":{"loc":{"start":{"line":227,"column":12},"end":{"line":229,"column":57}},"type":"binary-expr","locations":[{"start":{"line":227,"column":12},"end":{"line":227,"column":57}},{"start":{"line":228,"column":12},"end":{"line":228,"column":58}},{"start":{"line":229,"column":12},"end":{"line":229,"column":57}}],"line":227},"16":{"loc":{"start":{"line":250,"column":0},"end":{"line":252,"column":1}},"type":"if","locations":[{"start":{"line":250,"column":0},"end":{"line":252,"column":1}},{"start":{},"end":{}}],"line":250}},"s":{"0":4,"1":4,"2":4,"3":4,"4":4,"5":4,"6":4,"7":1,"8":1,"9":1,"10":1,"11":1,"12":3,"13":3,"14":3,"15":3,"16":3,"17":3,"18":3,"19":3,"20":2,"21":2,"22":2,"23":1,"24":1,"25":1,"26":1,"27":1,"28":1,"29":1,"30":1,"31":1,"32":1,"33":1,"34":1,"35":1,"36":1,"37":1,"38":1,"39":1,"40":1,"41":1,"42":1,"43":0,"44":0,"45":1,"46":1,"47":1,"48":1,"49":1,"50":0,"51":1,"52":1,"53":1,"54":0,"55":0,"56":1,"57":1,"58":1,"59":0,"60":0,"61":0,"62":1,"63":1,"64":1,"65":1,"66":1,"67":1,"68":1,"69":1,"70":1,"71":1,"72":0,"73":0,"74":0,"75":3,"76":3,"77":0,"78":3,"79":0,"80":3,"81":0,"82":3,"83":3,"84":2,"85":2,"86":2,"87":2,"88":1,"89":1,"90":2,"91":2,"92":2,"93":2,"94":2,"95":2,"96":4,"97":0},"f":{"0":4,"1":3,"2":2,"3":2},"b":{"0":[4,0],"1":[4,4],"2":[1,3],"3":[1,1],"4":[1,0],"5":[0,1],"6":[1,1],"7":[1,0],"8":[1,0],"9":[1,0],"10":[1,1,1],"11":[0,3],"12":[0,3],"13":[0,3],"14":[1,1],"15":[2,2,2],"16":[0,4]},"_coverageSchema":"1a1c01bbd47fc00a2c39e90264f33305004495a9","hash":"611fcea37a3995d4519a2edae98f4063e3cec4c1"}
,"/home/ubuntu/japan-statistics-analyzer/src/utils.js": {"path":"/home/ubuntu/japan-statistics-analyzer/src/utils.js","statementMap":{"0":{"start":{"line":3,"column":23},"end":{"line":3,"column":62}},"1":{"start":{"line":5,"column":24},"end":{"line":13,"column":1}},"2":{"start":{"line":6,"column":4},"end":{"line":12,"column":7}},"3":{"start":{"line":15,"column":23},"end":{"line":29,"column":1}},"4":{"start":{"line":16,"column":4},"end":{"line":28,"column":5}},"5":{"start":{"line":19,"column":33},"end":{"line":19,"column":47}},"6":{"start":{"line":20,"column":28},"end":{"line":20,"column":175}},"7":{"start":{"line":21,"column":8},"end":{"line":21,"column":92}},"8":{"start":{"line":22,"column":11},"end":{"line":28,"column":5}},"9":{"start":{"line":24,"column":8},"end":{"line":24,"column":92}},"10":{"start":{"line":27,"column":8},"end":{"line":27,"column":75}},"11":{"start":{"line":31,"column":28},"end":{"line":51,"column":1}},"12":{"start":{"line":32,"column":4},"end":{"line":50,"column":5}},"13":{"start":{"line":33,"column":25},"end":{"line":39,"column":10}},"14":{"start":{"line":41,"column":8},"end":{"line":47,"column":9}},"15":{"start":{"line":42,"column":27},"end":{"line":42,"column":85}},"16":{"start":{"line":43,"column":12},"end":{"line":43,"column":61}},"17":{"start":{"line":45,"column":33},"end":{"line":45,"column":100}},"18":{"start":{"line":46,"column":12},"end":{"line":46,"column":65}},"19":{"start":{"line":49,"column":8},"end":{"line":49,"column":46}},"20":{"start":{"line":53,"column":27},"end":{"line":72,"column":1}},"21":{"start":{"line":54,"column":4},"end":{"line":71,"column":5}},"22":{"start":{"line":55,"column":25},"end":{"line":61,"column":10}},"23":{"start":{"line":63,"column":8},"end":{"line":68,"column":9}},"24":{"start":{"line":64,"column":12},"end":{"line":64,"column":60}},"25":{"start":{"line":66,"column":33},"end":{"line":66,"column":99}},"26":{"start":{"line":67,"column":12},"end":{"line":67,"column":65}},"27":{"start":{"line":70,"column":8},"end":{"line":70,"column":64}},"28":{"start":{"line":74,"column":28},"end":{"line":94,"column":1}},"29":{"start":{"line":75,"column":4},"end":{"line":93,"column":5}},"30":{"start":{"line":76,"column":25},"end":{"line":83,"column":10}},"31":{"start":{"line":85,"column":8},"end":{"line":90,"column":9}},"32":{"start":{"line":86,"column":12},"end":{"line":86,"column":65}},"33":{"start":{"line":88,"column":33},"end":{"line":88,"column":100}},"34":{"start":{"line":89,"column":12},"end":{"line":89,"column":65}},"35":{"start":{"line":92,"column":8},"end":{"line":92,"column":65}},"36":{"start":{"line":96,"column":40},"end":{"line":176,"column":1}},"37":{"start":{"line":97,"column":27},"end":{"line":97,"column":29}},"38":{"start":{"line":99,"column":4},"end":{"line":173,"column":5}},"39":{"start":{"line":100,"column":25},"end":{"line":100,"column":42}},"40":{"start":{"line":101,"column":25},"end":{"line":101,"column":42}},"41":{"start":{"line":102,"column":24},"end":{"line":102,"column":40}},"42":{"start":{"line":104,"column":25},"end":{"line":104,"column":63}},"43":{"start":{"line":105,"column":27},"end":{"line":105,"column":66}},"44":{"start":{"line":107,"column":25},"end":{"line":107,"column":27}},"45":{"start":{"line":108,"column":8},"end":{"line":119,"column":9}},"46":{"start":{"line":109,"column":28},"end":{"line":109,"column":105}},"47":{"start":{"line":110,"column":12},"end":{"line":118,"column":15}},"48":{"start":{"line":111,"column":16},"end":{"line":117,"column":17}},"49":{"start":{"line":112,"column":39},"end":{"line":112,"column":89}},"50":{"start":{"line":113,"column":20},"end":{"line":116,"column":27}},"51":{"start":{"line":114,"column":24},"end":{"line":114,"column":59}},"52":{"start":{"line":115,"column":24},"end":{"line":115,"column":35}},"53":{"start":{"line":121,"column":8},"end":{"line":156,"column":9}},"54":{"start":{"line":122,"column":27},"end":{"line":122,"column":89}},"55":{"start":{"line":124,"column":12},"end":{"line":155,"column":15}},"56":{"start":{"line":125,"column":30},"end":{"line":125,"column":61}},"57":{"start":{"line":126,"column":29},"end":{"line":126,"column":53}},"58":{"start":{"line":128,"column":35},"end":{"line":128,"column":37}},"59":{"start":{"line":129,"column":16},"end":{"line":135,"column":19}},"60":{"start":{"line":130,"column":20},"end":{"line":134,"column":21}},"61":{"start":{"line":131,"column":40},"end":{"line":131,"column":56}},"62":{"start":{"line":132,"column":37},"end":{"line":132,"column":51}},"63":{"start":{"line":133,"column":24},"end":{"line":133,"column":80}},"64":{"start":{"line":137,"column":16},"end":{"line":154,"column":19}},"65":{"start":{"line":158,"column":8},"end":{"line":158,"column":64}},"66":{"start":{"line":159,"column":8},"end":{"line":172,"column":11}},"67":{"start":{"line":175,"column":4},"end":{"line":175,"column":26}},"68":{"start":{"line":178,"column":26},"end":{"line":190,"column":1}},"69":{"start":{"line":179,"column":17},"end":{"line":179,"column":39}},"70":{"start":{"line":181,"column":4},"end":{"line":181,"column":80}},"71":{"start":{"line":181,"column":60},"end":{"line":181,"column":80}},"72":{"start":{"line":182,"column":4},"end":{"line":182,"column":94}},"73":{"start":{"line":182,"column":76},"end":{"line":182,"column":94}},"74":{"start":{"line":183,"column":4},"end":{"line":183,"column":93}},"75":{"start":{"line":183,"column":78},"end":{"line":183,"column":93}},"76":{"start":{"line":184,"column":4},"end":{"line":184,"column":76}},"77":{"start":{"line":184,"column":58},"end":{"line":184,"column":76}},"78":{"start":{"line":185,"column":4},"end":{"line":185,"column":78}},"79":{"start":{"line":185,"column":59},"end":{"line":185,"column":78}},"80":{"start":{"line":186,"column":4},"end":{"line":186,"column":72}},"81":{"start":{"line":186,"column":56},"end":{"line":186,"column":72}},"82":{"start":{"line":187,"column":4},"end":{"line":187,"column":82}},"83":{"start":{"line":187,"column":61},"end":{"line":187,"column":82}},"84":{"start":{"line":189,"column":4},"end":{"line":189,"column":21}},"85":{"start":{"line":192,"column":29},"end":{"line":203,"column":1}},"86":{"start":{"line":193,"column":22},"end":{"line":200,"column":5}},"87":{"start":{"line":202,"column":4},"end":{"line":202,"column":21}},"88":{"start":{"line":205,"column":36},"end":{"line":211,"column":1}},"89":{"start":{"line":206,"column":4},"end":{"line":208,"column":5}},"90":{"start":{"line":207,"column":8},"end":{"line":207,"column":112}},"91":{"start":{"line":210,"column":4},"end":{"line":210,"column":34}},"92":{"start":{"line":213,"column":21},"end":{"line":213,"column":76}},"93":{"start":{"line":213,"column":29},"end":{"line":213,"column":76}},"94":{"start":{"line":213,"column":52},"end":{"line":213,"column":75}},"95":{"start":{"line":215,"column":27},"end":{"line":217,"column":1}},"96":{"start":{"line":216,"column":4},"end":{"line":216,"column":66}},"97":{"start":{"line":227,"column":24},"end":{"line":234,"column":1}},"98":{"start":{"line":228,"column":18},"end":{"line":232,"column":5}},"99":{"start":{"line":233,"column":4},"end":{"line":233,"column":57}}},"fnMap":{"0":{"name":"(anonymous_0)","decl":{"start":{"line":5,"column":24},"end":{"line":5,"column":25}},"loc":{"start":{"line":5,"column":35},"end":{"line":13,"column":1}},"line":5},"1":{"name":"(anonymous_1)","decl":{"start":{"line":15,"column":23},"end":{"line":15,"column":24}},"loc":{"start":{"line":15,"column":43},"end":{"line":29,"column":1}},"line":15},"2":{"name":"(anonymous_2)","decl":{"start":{"line":31,"column":28},"end":{"line":31,"column":29}},"loc":{"start":{"line":31,"column":62},"end":{"line":51,"column":1}},"line":31},"3":{"name":"(anonymous_3)","decl":{"start":{"line":53,"column":27},"end":{"line":53,"column":28}},"loc":{"start":{"line":53,"column":61},"end":{"line":72,"column":1}},"line":53},"4":{"name":"(anonymous_4)","decl":{"start":{"line":74,"column":28},"end":{"line":74,"column":29}},"loc":{"start":{"line":74,"column":75},"end":{"line":94,"column":1}},"line":74},"5":{"name":"(anonymous_5)","decl":{"start":{"line":96,"column":40},"end":{"line":96,"column":41}},"loc":{"start":{"line":96,"column":78},"end":{"line":176,"column":1}},"line":96},"6":{"name":"(anonymous_6)","decl":{"start":{"line":110,"column":28},"end":{"line":110,"column":29}},"loc":{"start":{"line":110,"column":35},"end":{"line":118,"column":13}},"line":110},"7":{"name":"(anonymous_7)","decl":{"start":{"line":113,"column":61},"end":{"line":113,"column":62}},"loc":{"start":{"line":113,"column":76},"end":{"line":116,"column":21}},"line":113},"8":{"name":"(anonymous_8)","decl":{"start":{"line":124,"column":27},"end":{"line":124,"column":28}},"loc":{"start":{"line":124,"column":40},"end":{"line":155,"column":13}},"line":124},"9":{"name":"(anonymous_9)","decl":{"start":{"line":129,"column":47},"end":{"line":129,"column":48}},"loc":{"start":{"line":129,"column":54},"end":{"line":135,"column":17}},"line":129},"10":{"name":"(anonymous_10)","decl":{"start":{"line":178,"column":26},"end":{"line":178,"column":27}},"loc":{"start":{"line":178,"column":40},"end":{"line":190,"column":1}},"line":178},"11":{"name":"(anonymous_11)","decl":{"start":{"line":192,"column":29},"end":{"line":192,"column":30}},"loc":{"start":{"line":192,"column":40},"end":{"line":203,"column":1}},"line":192},"12":{"name":"(anonymous_12)","decl":{"start":{"line":205,"column":36},"end":{"line":205,"column":37}},"loc":{"start":{"line":205,"column":47},"end":{"line":211,"column":1}},"line":205},"13":{"name":"(anonymous_13)","decl":{"start":{"line":213,"column":21},"end":{"line":213,"column":22}},"loc":{"start":{"line":213,"column":29},"end":{"line":213,"column":76}},"line":213},"14":{"name":"(anonymous_14)","decl":{"start":{"line":213,"column":41},"end":{"line":213,"column":42}},"loc":{"start":{"line":213,"column":52},"end":{"line":213,"column":75}},"line":213},"15":{"name":"(anonymous_15)","decl":{"start":{"line":215,"column":27},"end":{"line":215,"column":28}},"loc":{"start":{"line":215,"column":51},"end":{"line":217,"column":1}},"line":215},"16":{"name":"(anonymous_16)","decl":{"start":{"line":227,"column":24},"end":{"line":227,"column":25}},"loc":{"start":{"line":227,"column":50},"end":{"line":234,"column":1}},"line":227}},"branchMap":{"0":{"loc":{"start":{"line":16,"column":4},"end":{"line":28,"column":5}},"type":"if","locations":[{"start":{"line":16,"column":4},"end":{"line":28,"column":5}},{"start":{"line":22,"column":11},"end":{"line":28,"column":5}}],"line":16},"1":{"loc":{"start":{"line":20,"column":28},"end":{"line":20,"column":175}},"type":"binary-expr","locations":[{"start":{"line":20,"column":28},"end":{"line":20,"column":67}},{"start":{"line":20,"column":71},"end":{"line":20,"column":109}},{"start":{"line":20,"column":113},"end":{"line":20,"column":152}},{"start":{"line":20,"column":156},"end":{"line":20,"column":175}}],"line":20},"2":{"loc":{"start":{"line":22,"column":11},"end":{"line":28,"column":5}},"type":"if","locations":[{"start":{"line":22,"column":11},"end":{"line":28,"column":5}},{"start":{"line":25,"column":11},"end":{"line":28,"column":5}}],"line":22},"3":{"loc":{"start":{"line":31,"column":46},"end":{"line":31,"column":57}},"type":"default-arg","locations":[{"start":{"line":31,"column":55},"end":{"line":31,"column":57}}],"line":31},"4":{"loc":{"start":{"line":41,"column":8},"end":{"line":47,"column":9}},"type":"if","locations":[{"start":{"line":41,"column":8},"end":{"line":47,"column":9}},{"start":{"line":44,"column":15},"end":{"line":47,"column":9}}],"line":41},"5":{"loc":{"start":{"line":42,"column":27},"end":{"line":42,"column":85}},"type":"binary-expr","locations":[{"start":{"line":42,"column":27},"end":{"line":42,"column":79}},{"start":{"line":42,"column":83},"end":{"line":42,"column":85}}],"line":42},"6":{"loc":{"start":{"line":43,"column":19},"end":{"line":43,"column":60}},"type":"cond-expr","locations":[{"start":{"line":43,"column":43},"end":{"line":43,"column":49}},{"start":{"line":43,"column":52},"end":{"line":43,"column":60}}],"line":43},"7":{"loc":{"start":{"line":45,"column":33},"end":{"line":45,"column":100}},"type":"binary-expr","locations":[{"start":{"line":45,"column":33},"end":{"line":45,"column":81}},{"start":{"line":45,"column":85},"end":{"line":45,"column":100}}],"line":45},"8":{"loc":{"start":{"line":63,"column":8},"end":{"line":68,"column":9}},"type":"if","locations":[{"start":{"line":63,"column":8},"end":{"line":68,"column":9}},{"start":{"line":65,"column":15},"end":{"line":68,"column":9}}],"line":63},"9":{"loc":{"start":{"line":66,"column":33},"end":{"line":66,"column":99}},"type":"binary-expr","locations":[{"start":{"line":66,"column":33},"end":{"line":66,"column":80}},{"start":{"line":66,"column":84},"end":{"line":66,"column":99}}],"line":66},"10":{"loc":{"start":{"line":74,"column":59},"end":{"line":74,"column":70}},"type":"default-arg","locations":[{"start":{"line":74,"column":68},"end":{"line":74,"column":70}}],"line":74},"11":{"loc":{"start":{"line":85,"column":8},"end":{"line":90,"column":9}},"type":"if","locations":[{"start":{"line":85,"column":8},"end":{"line":90,"column":9}},{"start":{"line":87,"column":15},"end":{"line":90,"column":9}}],"line":85},"12":{"loc":{"start":{"line":88,"column":33},"end":{"line":88,"column":100}},"type":"binary-expr","locations":[{"start":{"line":88,"column":33},"end":{"line":88,"column":81}},{"start":{"line":88,"column":85},"end":{"line":88,"column":100}}],"line":88},"13":{"loc":{"start":{"line":104,"column":25},"end":{"line":104,"column":63}},"type":"binary-expr","locations":[{"start":{"line":104,"column":25},"end":{"line":104,"column":40}},{"start":{"line":104,"column":44},"end":{"line":104,"column":63}}],"line":104},"14":{"loc":{"start":{"line":105,"column":27},"end":{"line":105,"column":66}},"type":"binary-expr","locations":[{"start":{"line":105,"column":27},"end":{"line":105,"column":48}},{"start":{"line":105,"column":52},"end":{"line":105,"column":66}}],"line":105},"15":{"loc":{"start":{"line":108,"column":8},"end":{"line":119,"column":9}},"type":"if","locations":[{"start":{"line":108,"column":8},"end":{"line":119,"column":9}},{"start":{},"end":{}}],"line":108},"16":{"loc":{"start":{"line":109,"column":28},"end":{"line":109,"column":105}},"type":"cond-expr","locations":[{"start":{"line":109,"column":64},"end":{"line":109,"column":82}},{"start":{"line":109,"column":85},"end":{"line":109,"column":105}}],"line":109},"17":{"loc":{"start":{"line":111,"column":16},"end":{"line":117,"column":17}},"type":"if","locations":[{"start":{"line":111,"column":16},"end":{"line":117,"column":17}},{"start":{},"end":{}}],"line":111},"18":{"loc":{"start":{"line":112,"column":39},"end":{"line":112,"column":89}},"type":"cond-expr","locations":[{"start":{"line":112,"column":66},"end":{"line":112,"column":75}},{"start":{"line":112,"column":78},"end":{"line":112,"column":89}}],"line":112},"19":{"loc":{"start":{"line":121,"column":8},"end":{"line":156,"column":9}},"type":"if","locations":[{"start":{"line":121,"column":8},"end":{"line":156,"column":9}},{"start":{},"end":{}}],"line":121},"20":{"loc":{"start":{"line":122,"column":27},"end":{"line":122,"column":89}},"type":"cond-expr","locations":[{"start":{"line":122,"column":58},"end":{"line":122,"column":71}},{"start":{"line":122,"column":74},"end":{"line":122,"column":89}}],"line":122},"21":{"loc":{"start":{"line":125,"column":30},"end":{"line":125,"column":61}},"type":"binary-expr","locations":[{"start":{"line":125,"column":30},"end":{"line":125,"column":56}},{"start":{"line":125,"column":60},"end":{"line":125,"column":61}}],"line":125},"22":{"loc":{"start":{"line":126,"column":29},"end":{"line":126,"column":53}},"type":"binary-expr","locations":[{"start":{"line":126,"column":29},"end":{"line":126,"column":47}},{"start":{"line":126,"column":51},"end":{"line":126,"column":53}}],"line":126},"23":{"loc":{"start":{"line":130,"column":20},"end":{"line":134,"column":21}},"type":"if","locations":[{"start":{"line":130,"column":20},"end":{"line":134,"column":21}},{"start":{},"end":{}}],"line":130},"24":{"loc":{"start":{"line":130,"column":24},"end":{"line":130,"column":62}},"type":"binary-expr","locations":[{"start":{"line":130,"column":24},"end":{"line":130,"column":43}},{"start":{"line":130,"column":47},"end":{"line":130,"column":62}}],"line":130},"25":{"loc":{"start":{"line":133,"column":46},"end":{"line":133,"column":79}},"type":"binary-expr","locations":[{"start":{"line":133,"column":46},"end":{"line":133,"column":71}},{"start":{"line":133,"column":75},"end":{"line":133,"column":79}}],"line":133},"26":{"loc":{"start":{"line":140,"column":28},"end":{"line":140,"column":75}},"type":"binary-expr","locations":[{"start":{"line":140,"column":28},"end":{"line":140,"column":43}},{"start":{"line":140,"column":47},"end":{"line":140,"column":64}},{"start":{"line":140,"column":68},"end":{"line":140,"column":75}}],"line":140},"27":{"loc":{"start":{"line":141,"column":31},"end":{"line":141,"column":78}},"type":"binary-expr","locations":[{"start":{"line":141,"column":31},"end":{"line":141,"column":47}},{"start":{"line":141,"column":51},"end":{"line":141,"column":65}},{"start":{"line":141,"column":69},"end":{"line":141,"column":78}}],"line":141},"28":{"loc":{"start":{"line":142,"column":31},"end":{"line":142,"column":73}},"type":"binary-expr","locations":[{"start":{"line":142,"column":31},"end":{"line":142,"column":47}},{"start":{"line":142,"column":51},"end":{"line":142,"column":67}},{"start":{"line":142,"column":71},"end":{"line":142,"column":73}}],"line":142},"29":{"loc":{"start":{"line":147,"column":33},"end":{"line":147,"column":83}},"type":"binary-expr","locations":[{"start":{"line":147,"column":33},"end":{"line":147,"column":55}},{"start":{"line":147,"column":59},"end":{"line":147,"column":83}}],"line":147},"30":{"loc":{"start":{"line":160,"column":22},"end":{"line":160,"column":69}},"type":"binary-expr","locations":[{"start":{"line":160,"column":22},"end":{"line":160,"column":46}},{"start":{"line":160,"column":50},"end":{"line":160,"column":69}}],"line":160},"31":{"loc":{"start":{"line":161,"column":24},"end":{"line":161,"column":72}},"type":"binary-expr","locations":[{"start":{"line":161,"column":24},"end":{"line":161,"column":54}},{"start":{"line":161,"column":58},"end":{"line":161,"column":72}}],"line":161},"32":{"loc":{"start":{"line":181,"column":4},"end":{"line":181,"column":80}},"type":"if","locations":[{"start":{"line":181,"column":4},"end":{"line":181,"column":80}},{"start":{},"end":{}}],"line":181},"33":{"loc":{"start":{"line":181,"column":8},"end":{"line":181,"column":58}},"type":"binary-expr","locations":[{"start":{"line":181,"column":8},"end":{"line":181,"column":27}},{"start":{"line":181,"column":31},"end":{"line":181,"column":58}}],"line":181},"34":{"loc":{"start":{"line":182,"column":4},"end":{"line":182,"column":94}},"type":"if","locations":[{"start":{"line":182,"column":4},"end":{"line":182,"column":94}},{"start":{},"end":{}}],"line":182},"35":{"loc":{"start":{"line":182,"column":8},"end":{"line":182,"column":74}},"type":"binary-expr","locations":[{"start":{"line":182,"column":8},"end":{"line":182,"column":27}},{"start":{"line":182,"column":31},"end":{"line":182,"column":51}},{"start":{"line":182,"column":55},"end":{"line":182,"column":74}}],"line":182},"36":{"loc":{"start":{"line":183,"column":4},"end":{"line":183,"column":93}},"type":"if","locations":[{"start":{"line":183,"column":4},"end":{"line":183,"column":93}},{"start":{},"end":{}}],"line":183},"37":{"loc":{"start":{"line":183,"column":8},"end":{"line":183,"column":76}},"type":"binary-expr","locations":[{"start":{"line":183,"column":8},"end":{"line":183,"column":27}},{"start":{"line":183,"column":31},"end":{"line":183,"column":50}},{"start":{"line":183,"column":54},"end":{"line":183,"column":76}}],"line":183},"38":{"loc":{"start":{"line":184,"column":4},"end":{"line":184,"column":76}},"type":"if","locations":[{"start":{"line":184,"column":4},"end":{"line":184,"column":76}},{"start":{},"end":{}}],"line":184},"39":{"loc":{"start":{"line":184,"column":8},"end":{"line":184,"column":56}},"type":"binary-expr","locations":[{"start":{"line":184,"column":8},"end":{"line":184,"column":27}},{"start":{"line":184,"column":31},"end":{"line":184,"column":56}}],"line":184},"40":{"loc":{"start":{"line":185,"column":4},"end":{"line":185,"column":78}},"type":"if","locations":[{"start":{"line":185,"column":4},"end":{"line":185,"column":78}},{"start":{},"end":{}}],"line":185},"41":{"loc":{"start":{"line":185,"column":8},"end":{"line":185,"column":57}},"type":"binary-expr","locations":[{"start":{"line":185,"column":8},"end":{"line":185,"column":27}},{"start":{"line":185,"column":31},"end":{"line":185,"column":57}}],"line":185},"42":{"loc":{"start":{"line":186,"column":4},"end":{"line":186,"column":72}},"type":"if","locations":[{"start":{"line":186,"column":4},"end":{"line":186,"column":72}},{"start":{},"end":{}}],"line":186},"43":{"loc":{"start":{"line":186,"column":8},"end":{"line":186,"column":54}},"type":"binary-expr","locations":[{"start":{"line":186,"column":8},"end":{"line":186,"column":27}},{"start":{"line":186,"column":31},"end":{"line":186,"column":54}}],"line":186},"44":{"loc":{"start":{"line":187,"column":4},"end":{"line":187,"column":82}},"type":"if","locations":[{"start":{"line":187,"column":4},"end":{"line":187,"column":82}},{"start":{},"end":{}}],"line":187},"45":{"loc":{"start":{"line":187,"column":8},"end":{"line":187,"column":59}},"type":"binary-expr","locations":[{"start":{"line":187,"column":8},"end":{"line":187,"column":27}},{"start":{"line":187,"column":31},"end":{"line":187,"column":59}}],"line":187},"46":{"loc":{"start":{"line":194,"column":23},"end":{"line":194,"column":56}},"type":"binary-expr","locations":[{"start":{"line":194,"column":23},"end":{"line":194,"column":50}},{"start":{"line":194,"column":54},"end":{"line":194,"column":56}}],"line":194},"47":{"loc":{"start":{"line":195,"column":21},"end":{"line":195,"column":52}},"type":"binary-expr","locations":[{"start":{"line":195,"column":21},"end":{"line":195,"column":46}},{"start":{"line":195,"column":50},"end":{"line":195,"column":52}}],"line":195},"48":{"loc":{"start":{"line":196,"column":20},"end":{"line":196,"column":50}},"type":"binary-expr","locations":[{"start":{"line":196,"column":20},"end":{"line":196,"column":44}},{"start":{"line":196,"column":48},"end":{"line":196,"column":50}}],"line":196},"49":{"loc":{"start":{"line":197,"column":36},"end":{"line":197,"column":66}},"type":"binary-expr","locations":[{"start":{"line":197,"column":36},"end":{"line":197,"column":60}},{"start":{"line":197,"column":64},"end":{"line":197,"column":66}}],"line":197},"50":{"loc":{"start":{"line":199,"column":22},"end":{"line":199,"column":116}},"type":"cond-expr","locations":[{"start":{"line":199,"column":83},"end":{"line":199,"column":101}},{"start":{"line":199,"column":104},"end":{"line":199,"column":116}}],"line":199},"51":{"loc":{"start":{"line":206,"column":4},"end":{"line":208,"column":5}},"type":"if","locations":[{"start":{"line":206,"column":4},"end":{"line":208,"column":5}},{"start":{},"end":{}}],"line":206},"52":{"loc":{"start":{"line":215,"column":37},"end":{"line":215,"column":46}},"type":"default-arg","locations":[{"start":{"line":215,"column":44},"end":{"line":215,"column":46}}],"line":215},"53":{"loc":{"start":{"line":227,"column":36},"end":{"line":227,"column":45}},"type":"default-arg","locations":[{"start":{"line":227,"column":43},"end":{"line":227,"column":45}}],"line":227}},"s":{"0":6,"1":6,"2":5,"3":6,"4":2,"5":0,"6":0,"7":0,"8":2,"9":0,"10":2,"11":6,"12":3,"13":3,"14":2,"15":1,"16":1,"17":1,"18":1,"19":2,"20":6,"21":1,"22":1,"23":1,"24":1,"25":0,"26":0,"27":0,"28":6,"29":1,"30":1,"31":1,"32":1,"33":0,"34":0,"35":0,"36":6,"37":0,"38":0,"39":0,"40":0,"41":0,"42":0,"43":0,"44":0,"45":0,"46":0,"47":0,"48":0,"49":0,"50":0,"51":0,"52":0,"53":0,"54":0,"55":0,"56":0,"57":0,"58":0,"59":0,"60":0,"61":0,"62":0,"63":0,"64":0,"65":0,"66":0,"67":0,"68":6,"69":0,"70":0,"71":0,"72":0,"73":0,"74":0,"75":0,"76":0,"77":0,"78":0,"79":0,"80":0,"81":0,"82":0,"83":0,"84":0,"85":6,"86":1,"87":1,"88":6,"89":5,"90":0,"91":5,"92":6,"93":0,"94":0,"95":6,"96":0,"97":6,"98":0,"99":0},"f":{"0":5,"1":2,"2":3,"3":1,"4":1,"5":0,"6":0,"7":0,"8":0,"9":0,"10":0,"11":1,"12":5,"13":0,"14":0,"15":0,"16":0},"b":{"0":[0,2],"1":[0,0,0,0],"2":[0,2],"3":[0],"4":[1,1],"5":[1,0],"6":[1,0],"7":[1,0],"8":[1,0],"9":[0,0],"10":[1],"11":[1,0],"12":[0,0],"13":[0,0],"14":[0,0],"15":[0,0],"16":[0,0],"17":[0,0],"18":[0,0],"19":[0,0],"20":[0,0],"21":[0,0],"22":[0,0],"23":[0,0],"24":[0,0],"25":[0,0],"26":[0,0,0],"27":[0,0,0],"28":[0,0,0],"29":[0,0],"30":[0,0],"31":[0,0],"32":[0,0],"33":[0,0],"34":[0,0],"35":[0,0,0],"36":[0,0],"37":[0,0,0],"38":[0,0],"39":[0,0],"40":[0,0],"41":[0,0],"42":[0,0],"43":[0,0],"44":[0,0],"45":[0,0],"46":[1,0],"47":[1,1],"48":[1,1],"49":[1,0],"50":[0,1],"51":[0,5],"52":[0],"53":[0]},"_coverageSchema":"1a1c01bbd47fc00a2c39e90264f33305004495a9","hash":"010b6effda68e01ea14036fea13208b0752339bb"}
}
