TN:
SF:src/main.js
FN:14,mainLogic
FN:181,buildSearchParams
FN:190,runDemoMode
FN:226,(anonymous_3)
FNF:4
FNH:4
FNDA:4,mainLogic
FNDA:3,buildSearchParams
FNDA:2,runDemoMode
FNDA:2,(anonymous_3)
DA:15,4
DA:17,4
DA:18,4
DA:21,4
DA:22,4
DA:25,4
DA:27,4
DA:29,1
DA:30,1
DA:31,1
DA:32,1
DA:33,1
DA:36,3
DA:38,3
DA:39,3
DA:42,3
DA:43,3
DA:46,3
DA:47,3
DA:48,3
DA:49,2
DA:50,2
DA:52,2
DA:53,1
DA:54,1
DA:59,1
DA:60,1
DA:64,1
DA:65,1
DA:67,1
DA:68,1
DA:70,1
DA:71,1
DA:72,1
DA:73,1
DA:74,1
DA:80,1
DA:81,1
DA:82,1
DA:83,1
DA:84,1
DA:85,1
DA:86,1
DA:88,0
DA:89,0
DA:94,1
DA:95,1
DA:96,1
DA:97,1
DA:100,1
DA:101,0
DA:111,1
DA:112,1
DA:113,1
DA:114,0
DA:115,0
DA:117,1
DA:120,1
DA:122,1
DA:125,0
DA:126,0
DA:131,0
DA:142,1
DA:148,1
DA:155,1
DA:158,1
DA:159,1
DA:161,1
DA:162,1
DA:163,1
DA:164,1
DA:165,1
DA:168,0
DA:176,0
DA:177,0
DA:182,3
DA:183,3
DA:184,3
DA:185,3
DA:186,3
DA:187,3
DA:191,2
DA:192,2
DA:223,2
DA:224,2
DA:225,1
DA:226,1
DA:227,2
DA:232,2
DA:234,2
DA:235,2
DA:238,2
DA:247,2
DA:250,4
DA:251,0
LF:95
LH:83
BRDA:21,0,0,4
BRDA:21,0,1,0
BRDA:25,1,0,4
BRDA:25,1,1,4
BRDA:27,2,0,1
BRDA:27,2,1,3
BRDA:52,3,0,1
BRDA:52,3,1,1
BRDA:81,4,0,1
BRDA:81,4,1,0
BRDA:100,5,0,0
BRDA:100,5,1,1
BRDA:100,6,0,1
BRDA:100,6,1,1
BRDA:111,7,0,1
BRDA:111,7,1,0
BRDA:111,8,0,1
BRDA:111,8,1,0
BRDA:161,9,0,1
BRDA:161,9,1,0
BRDA:161,10,0,1
BRDA:161,10,1,1
BRDA:161,10,2,1
BRDA:183,11,0,0
BRDA:183,11,1,3
BRDA:184,12,0,0
BRDA:184,12,1,3
BRDA:185,13,0,0
BRDA:185,13,1,3
BRDA:224,14,0,1
BRDA:224,14,1,1
BRDA:227,15,0,2
BRDA:227,15,1,2
BRDA:227,15,2,2
BRDA:250,16,0,0
BRDA:250,16,1,4
BRF:36
BRH:26
end_of_record
TN:
SF:src/utils.js
FN:5,(anonymous_0)
FN:15,(anonymous_1)
FN:31,(anonymous_2)
FN:53,(anonymous_3)
FN:74,(anonymous_4)
FN:96,(anonymous_5)
FN:110,(anonymous_6)
FN:113,(anonymous_7)
FN:124,(anonymous_8)
FN:129,(anonymous_9)
FN:178,(anonymous_10)
FN:192,(anonymous_11)
FN:205,(anonymous_12)
FN:213,(anonymous_13)
FN:213,(anonymous_14)
FN:215,(anonymous_15)
FN:227,(anonymous_16)
FNF:17
FNH:7
FNDA:5,(anonymous_0)
FNDA:2,(anonymous_1)
FNDA:3,(anonymous_2)
FNDA:1,(anonymous_3)
FNDA:1,(anonymous_4)
FNDA:0,(anonymous_5)
FNDA:0,(anonymous_6)
FNDA:0,(anonymous_7)
FNDA:0,(anonymous_8)
FNDA:0,(anonymous_9)
FNDA:0,(anonymous_10)
FNDA:1,(anonymous_11)
FNDA:5,(anonymous_12)
FNDA:0,(anonymous_13)
FNDA:0,(anonymous_14)
FNDA:0,(anonymous_15)
FNDA:0,(anonymous_16)
DA:3,6
DA:5,6
DA:6,5
DA:15,6
DA:16,2
DA:19,0
DA:20,0
DA:21,0
DA:22,2
DA:24,0
DA:27,2
DA:31,6
DA:32,3
DA:33,3
DA:41,2
DA:42,1
DA:43,1
DA:45,1
DA:46,1
DA:49,2
DA:53,6
DA:54,1
DA:55,1
DA:63,1
DA:64,1
DA:66,0
DA:67,0
DA:70,0
DA:74,6
DA:75,1
DA:76,1
DA:85,1
DA:86,1
DA:88,0
DA:89,0
DA:92,0
DA:96,6
DA:97,0
DA:99,0
DA:100,0
DA:101,0
DA:102,0
DA:104,0
DA:105,0
DA:107,0
DA:108,0
DA:109,0
DA:110,0
DA:111,0
DA:112,0
DA:113,0
DA:114,0
DA:115,0
DA:121,0
DA:122,0
DA:124,0
DA:125,0
DA:126,0
DA:128,0
DA:129,0
DA:130,0
DA:131,0
DA:132,0
DA:133,0
DA:137,0
DA:158,0
DA:159,0
DA:175,0
DA:178,6
DA:179,0
DA:181,0
DA:182,0
DA:183,0
DA:184,0
DA:185,0
DA:186,0
DA:187,0
DA:189,0
DA:192,6
DA:193,1
DA:202,1
DA:205,6
DA:206,5
DA:207,0
DA:210,5
DA:213,6
DA:215,6
DA:216,0
DA:227,6
DA:228,0
DA:233,0
LF:91
LH:37
BRDA:16,0,0,0
BRDA:16,0,1,2
BRDA:20,1,0,0
BRDA:20,1,1,0
BRDA:20,1,2,0
BRDA:20,1,3,0
BRDA:22,2,0,0
BRDA:22,2,1,2
BRDA:31,3,0,0
BRDA:41,4,0,1
BRDA:41,4,1,1
BRDA:42,5,0,1
BRDA:42,5,1,0
BRDA:43,6,0,1
BRDA:43,6,1,0
BRDA:45,7,0,1
BRDA:45,7,1,0
BRDA:63,8,0,1
BRDA:63,8,1,0
BRDA:66,9,0,0
BRDA:66,9,1,0
BRDA:74,10,0,1
BRDA:85,11,0,1
BRDA:85,11,1,0
BRDA:88,12,0,0
BRDA:88,12,1,0
BRDA:104,13,0,0
BRDA:104,13,1,0
BRDA:105,14,0,0
BRDA:105,14,1,0
BRDA:108,15,0,0
BRDA:108,15,1,0
BRDA:109,16,0,0
BRDA:109,16,1,0
BRDA:111,17,0,0
BRDA:111,17,1,0
BRDA:112,18,0,0
BRDA:112,18,1,0
BRDA:121,19,0,0
BRDA:121,19,1,0
BRDA:122,20,0,0
BRDA:122,20,1,0
BRDA:125,21,0,0
BRDA:125,21,1,0
BRDA:126,22,0,0
BRDA:126,22,1,0
BRDA:130,23,0,0
BRDA:130,23,1,0
BRDA:130,24,0,0
BRDA:130,24,1,0
BRDA:133,25,0,0
BRDA:133,25,1,0
BRDA:140,26,0,0
BRDA:140,26,1,0
BRDA:140,26,2,0
BRDA:141,27,0,0
BRDA:141,27,1,0
BRDA:141,27,2,0
BRDA:142,28,0,0
BRDA:142,28,1,0
BRDA:142,28,2,0
BRDA:147,29,0,0
BRDA:147,29,1,0
BRDA:160,30,0,0
BRDA:160,30,1,0
BRDA:161,31,0,0
BRDA:161,31,1,0
BRDA:181,32,0,0
BRDA:181,32,1,0
BRDA:181,33,0,0
BRDA:181,33,1,0
BRDA:182,34,0,0
BRDA:182,34,1,0
BRDA:182,35,0,0
BRDA:182,35,1,0
BRDA:182,35,2,0
BRDA:183,36,0,0
BRDA:183,36,1,0
BRDA:183,37,0,0
BRDA:183,37,1,0
BRDA:183,37,2,0
BRDA:184,38,0,0
BRDA:184,38,1,0
BRDA:184,39,0,0
BRDA:184,39,1,0
BRDA:185,40,0,0
BRDA:185,40,1,0
BRDA:185,41,0,0
BRDA:185,41,1,0
BRDA:186,42,0,0
BRDA:186,42,1,0
BRDA:186,43,0,0
BRDA:186,43,1,0
BRDA:187,44,0,0
BRDA:187,44,1,0
BRDA:187,45,0,0
BRDA:187,45,1,0
BRDA:194,46,0,1
BRDA:194,46,1,0
BRDA:195,47,0,1
BRDA:195,47,1,1
BRDA:196,48,0,1
BRDA:196,48,1,1
BRDA:197,49,0,1
BRDA:197,49,1,0
BRDA:199,50,0,0
BRDA:199,50,1,1
BRDA:206,51,0,0
BRDA:206,51,1,5
BRDA:215,52,0,0
BRDA:227,53,0,0
BRF:111
BRH:18
end_of_record
